<?xml version="1.0" encoding="UTF-8"?>
<testsuite xmlns:xsi="http://www.w3.org/2001/XMLSchema-instance" xsi:noNamespaceSchemaLocation="https://maven.apache.org/surefire/maven-surefire-plugin/xsd/surefire-test-report.xsd" name="com.kyanja.AppTest" time="0.167" tests="1" errors="0" skipped="0" failures="0">
  <properties>
    <property name="sun.desktop" value="windows"/>
    <property name="awt.toolkit" value="sun.awt.windows.WToolkit"/>
    <property name="file.encoding.pkg" value="sun.io"/>
    <property name="java.specification.version" value="1.8"/>
    <property name="sun.cpu.isalist" value="amd64"/>
    <property name="sun.jnu.encoding" value="Cp1252"/>
    <property name="java.class.path" value="C:\Users\hp\Desktop\ABB_ENVIRONEMENT\source\SpringBatchAtomikosIntegrationMysql\target\test-classes;C:\Users\hp\Desktop\ABB_ENVIRONEMENT\source\SpringBatchAtomikosIntegrationMysql\target\classes;C:\Users\hp\.m2\repository\org\springframework\spring-core\4.0.6.RELEASE\spring-core-4.0.6.RELEASE.jar;C:\Users\hp\.m2\repository\commons-logging\commons-logging\1.1.3\commons-logging-1.1.3.jar;C:\Users\hp\.m2\repository\org\springframework\spring-jdbc\4.0.6.RELEASE\spring-jdbc-4.0.6.RELEASE.jar;C:\Users\hp\.m2\repository\org\springframework\spring-beans\4.0.6.RELEASE\spring-beans-4.0.6.RELEASE.jar;C:\Users\hp\.m2\repository\org\springframework\spring-tx\4.0.6.RELEASE\spring-tx-4.0.6.RELEASE.jar;C:\Users\hp\.m2\repository\org\springframework\spring-oxm\4.0.6.RELEASE\spring-oxm-4.0.6.RELEASE.jar;C:\Users\hp\.m2\repository\mysql\mysql-connector-java\8.0.20\mysql-connector-java-8.0.20.jar;C:\Users\hp\.m2\repository\com\google\protobuf\protobuf-java\3.6.1\protobuf-java-3.6.1.jar;C:\Users\hp\.m2\repository\org\springframework\batch\spring-batch-core\3.0.1.RELEASE\spring-batch-core-3.0.1.RELEASE.jar;C:\Users\hp\.m2\repository\com\ibm\jbatch\com.ibm.jbatch-tck-spi\1.0\com.ibm.jbatch-tck-spi-1.0.jar;C:\Users\hp\.m2\repository\javax\batch\javax.batch-api\1.0\javax.batch-api-1.0.jar;C:\Users\hp\.m2\repository\com\thoughtworks\xstream\xstream\1.4.7\xstream-1.4.7.jar;C:\Users\hp\.m2\repository\xmlpull\xmlpull\1.1.3.1\xmlpull-1.1.3.1.jar;C:\Users\hp\.m2\repository\xpp3\xpp3_min\1.1.4c\xpp3_min-1.1.4c.jar;C:\Users\hp\.m2\repository\org\codehaus\jettison\jettison\1.2\jettison-1.2.jar;C:\Users\hp\.m2\repository\org\springframework\spring-aop\4.0.5.RELEASE\spring-aop-4.0.5.RELEASE.jar;C:\Users\hp\.m2\repository\aopalliance\aopalliance\1.0\aopalliance-1.0.jar;C:\Users\hp\.m2\repository\org\springframework\spring-context\4.0.5.RELEASE\spring-context-4.0.5.RELEASE.jar;C:\Users\hp\.m2\repository\org\springframework\spring-expression\4.0.5.RELEASE\spring-expression-4.0.5.RELEASE.jar;C:\Users\hp\.m2\repository\org\springframework\batch\spring-batch-infrastructure\3.0.1.RELEASE\spring-batch-infrastructure-3.0.1.RELEASE.jar;C:\Users\hp\.m2\repository\org\springframework\retry\spring-retry\1.1.0.RELEASE\spring-retry-1.1.0.RELEASE.jar;C:\Users\hp\.m2\repository\org\springframework\batch\spring-batch-test\3.0.1.RELEASE\spring-batch-test-3.0.1.RELEASE.jar;C:\Users\hp\.m2\repository\commons-collections\commons-collections\3.2.1\commons-collections-3.2.1.jar;C:\Users\hp\.m2\repository\commons-io\commons-io\2.4\commons-io-2.4.jar;C:\Users\hp\.m2\repository\org\hamcrest\hamcrest-all\1.3\hamcrest-all-1.3.jar;C:\Users\hp\.m2\repository\org\springframework\spring-test\4.0.5.RELEASE\spring-test-4.0.5.RELEASE.jar;C:\Users\hp\.m2\repository\junit\junit\4.11\junit-4.11.jar;C:\Users\hp\.m2\repository\org\hamcrest\hamcrest-core\1.3\hamcrest-core-1.3.jar;C:\Users\hp\.m2\repository\org\apache\logging\log4j\log4j-api\2.17.1\log4j-api-2.17.1.jar;C:\Users\hp\.m2\repository\org\apache\logging\log4j\log4j-core\2.17.1\log4j-core-2.17.1.jar;C:\Users\hp\.m2\repository\com\lmax\disruptor\3.4.2\disruptor-3.4.2.jar;C:\Users\hp\.m2\repository\com\sun\mail\javax.mail\1.6.2\javax.mail-1.6.2.jar;C:\Users\hp\.m2\repository\javax\activation\activation\1.1\activation-1.1.jar;C:\Users\hp\.m2\repository\log4j\log4j\1.2.17\log4j-1.2.17.jar;C:\Users\hp\.m2\repository\org\springframework\spring-context-support\3.0.5.RELEASE\spring-context-support-3.0.5.RELEASE.jar;C:\Users\hp\.m2\repository\javax\transaction\jta\1.1\jta-1.1.jar;C:\Users\hp\.m2\repository\com\atomikos\atomikos-util\3.8.0\atomikos-util-3.8.0.jar;C:\Users\hp\.m2\repository\com\atomikos\transactions\3.8.0\transactions-3.8.0.jar;C:\Users\hp\.m2\repository\org\mockito\mockito-all\1.9.0\mockito-all-1.9.0.jar;C:\Users\hp\.m2\repository\com\atomikos\transactions-jta\3.8.0\transactions-jta-3.8.0.jar;C:\Users\hp\.m2\repository\com\atomikos\transactions-jdbc\3.8.0\transactions-jdbc-3.8.0.jar;C:\Users\hp\.m2\repository\com\atomikos\transactions-api\3.8.0\transactions-api-3.8.0.jar;C:\Users\hp\.m2\repository\com\atomikos\transactions-jms\3.8.0\transactions-jms-3.8.0.jar;"/>
    <property name="java.vm.vendor" value="Oracle Corporation"/>
    <property name="sun.arch.data.model" value="64"/>
    <property name="user.variant" value=""/>
    <property name="java.vendor.url" value="http://java.oracle.com/"/>
    <property name="user.timezone" value="Africa/Casablanca"/>
    <property name="java.vm.specification.version" value="1.8"/>
    <property name="os.name" value="Windows 10"/>
    <property name="user.country" value="FR"/>
    <property name="sun.java.launcher" value="SUN_STANDARD"/>
    <property name="sun.boot.library.path" value="C:\Program Files\Java\jdk1.8.0_241\jre\bin"/>
    <property name="sun.java.command" value="C:\Users\hp\AppData\Local\Temp\surefire7623219789580751777\surefirebooter675708429934033153.jar C:\Users\hp\AppData\Local\Temp\surefire7623219789580751777 2022-01-13T18-19-40_695-jvmRun1 surefire6341333905827262457tmp surefire_05179820782836180762tmp"/>
    <property name="surefire.test.class.path" value="C:\Users\hp\Desktop\ABB_ENVIRONEMENT\source\SpringBatchAtomikosIntegrationMysql\target\test-classes;C:\Users\hp\Desktop\ABB_ENVIRONEMENT\source\SpringBatchAtomikosIntegrationMysql\target\classes;C:\Users\hp\.m2\repository\org\springframework\spring-core\4.0.6.RELEASE\spring-core-4.0.6.RELEASE.jar;C:\Users\hp\.m2\repository\commons-logging\commons-logging\1.1.3\commons-logging-1.1.3.jar;C:\Users\hp\.m2\repository\org\springframework\spring-jdbc\4.0.6.RELEASE\spring-jdbc-4.0.6.RELEASE.jar;C:\Users\hp\.m2\repository\org\springframework\spring-beans\4.0.6.RELEASE\spring-beans-4.0.6.RELEASE.jar;C:\Users\hp\.m2\repository\org\springframework\spring-tx\4.0.6.RELEASE\spring-tx-4.0.6.RELEASE.jar;C:\Users\hp\.m2\repository\org\springframework\spring-oxm\4.0.6.RELEASE\spring-oxm-4.0.6.RELEASE.jar;C:\Users\hp\.m2\repository\mysql\mysql-connector-java\8.0.20\mysql-connector-java-8.0.20.jar;C:\Users\hp\.m2\repository\com\google\protobuf\protobuf-java\3.6.1\protobuf-java-3.6.1.jar;C:\Users\hp\.m2\repository\org\springframework\batch\spring-batch-core\3.0.1.RELEASE\spring-batch-core-3.0.1.RELEASE.jar;C:\Users\hp\.m2\repository\com\ibm\jbatch\com.ibm.jbatch-tck-spi\1.0\com.ibm.jbatch-tck-spi-1.0.jar;C:\Users\hp\.m2\repository\javax\batch\javax.batch-api\1.0\javax.batch-api-1.0.jar;C:\Users\hp\.m2\repository\com\thoughtworks\xstream\xstream\1.4.7\xstream-1.4.7.jar;C:\Users\hp\.m2\repository\xmlpull\xmlpull\1.1.3.1\xmlpull-1.1.3.1.jar;C:\Users\hp\.m2\repository\xpp3\xpp3_min\1.1.4c\xpp3_min-1.1.4c.jar;C:\Users\hp\.m2\repository\org\codehaus\jettison\jettison\1.2\jettison-1.2.jar;C:\Users\hp\.m2\repository\org\springframework\spring-aop\4.0.5.RELEASE\spring-aop-4.0.5.RELEASE.jar;C:\Users\hp\.m2\repository\aopalliance\aopalliance\1.0\aopalliance-1.0.jar;C:\Users\hp\.m2\repository\org\springframework\spring-context\4.0.5.RELEASE\spring-context-4.0.5.RELEASE.jar;C:\Users\hp\.m2\repository\org\springframework\spring-expression\4.0.5.RELEASE\spring-expression-4.0.5.RELEASE.jar;C:\Users\hp\.m2\repository\org\springframework\batch\spring-batch-infrastructure\3.0.1.RELEASE\spring-batch-infrastructure-3.0.1.RELEASE.jar;C:\Users\hp\.m2\repository\org\springframework\retry\spring-retry\1.1.0.RELEASE\spring-retry-1.1.0.RELEASE.jar;C:\Users\hp\.m2\repository\org\springframework\batch\spring-batch-test\3.0.1.RELEASE\spring-batch-test-3.0.1.RELEASE.jar;C:\Users\hp\.m2\repository\commons-collections\commons-collections\3.2.1\commons-collections-3.2.1.jar;C:\Users\hp\.m2\repository\commons-io\commons-io\2.4\commons-io-2.4.jar;C:\Users\hp\.m2\repository\org\hamcrest\hamcrest-all\1.3\hamcrest-all-1.3.jar;C:\Users\hp\.m2\repository\org\springframework\spring-test\4.0.5.RELEASE\spring-test-4.0.5.RELEASE.jar;C:\Users\hp\.m2\repository\junit\junit\4.11\junit-4.11.jar;C:\Users\hp\.m2\repository\org\hamcrest\hamcrest-core\1.3\hamcrest-core-1.3.jar;C:\Users\hp\.m2\repository\org\apache\logging\log4j\log4j-api\2.17.1\log4j-api-2.17.1.jar;C:\Users\hp\.m2\repository\org\apache\logging\log4j\log4j-core\2.17.1\log4j-core-2.17.1.jar;C:\Users\hp\.m2\repository\com\lmax\disruptor\3.4.2\disruptor-3.4.2.jar;C:\Users\hp\.m2\repository\com\sun\mail\javax.mail\1.6.2\javax.mail-1.6.2.jar;C:\Users\hp\.m2\repository\javax\activation\activation\1.1\activation-1.1.jar;C:\Users\hp\.m2\repository\log4j\log4j\1.2.17\log4j-1.2.17.jar;C:\Users\hp\.m2\repository\org\springframework\spring-context-support\3.0.5.RELEASE\spring-context-support-3.0.5.RELEASE.jar;C:\Users\hp\.m2\repository\javax\transaction\jta\1.1\jta-1.1.jar;C:\Users\hp\.m2\repository\com\atomikos\atomikos-util\3.8.0\atomikos-util-3.8.0.jar;C:\Users\hp\.m2\repository\com\atomikos\transactions\3.8.0\transactions-3.8.0.jar;C:\Users\hp\.m2\repository\org\mockito\mockito-all\1.9.0\mockito-all-1.9.0.jar;C:\Users\hp\.m2\repository\com\atomikos\transactions-jta\3.8.0\transactions-jta-3.8.0.jar;C:\Users\hp\.m2\repository\com\atomikos\transactions-jdbc\3.8.0\transactions-jdbc-3.8.0.jar;C:\Users\hp\.m2\repository\com\atomikos\transactions-api\3.8.0\transactions-api-3.8.0.jar;C:\Users\hp\.m2\repository\com\atomikos\transactions-jms\3.8.0\transactions-jms-3.8.0.jar;"/>
    <property name="sun.cpu.endian" value="little"/>
    <property name="user.home" value="C:\Users\hp"/>
    <property name="user.language" value="fr"/>
    <property name="java.specification.vendor" value="Oracle Corporation"/>
    <property name="java.home" value="C:\Program Files\Java\jdk1.8.0_241\jre"/>
    <property name="basedir" value="C:\Users\hp\Desktop\ABB_ENVIRONEMENT\source\SpringBatchAtomikosIntegrationMysql"/>
    <property name="file.separator" value="\"/>
    <property name="line.separator" value="&#10;"/>
    <property name="java.vm.specification.vendor" value="Oracle Corporation"/>
    <property name="java.specification.name" value="Java Platform API Specification"/>
    <property name="java.awt.graphicsenv" value="sun.awt.Win32GraphicsEnvironment"/>
    <property name="surefire.real.class.path" value="C:\Users\hp\AppData\Local\Temp\surefire7623219789580751777\surefirebooter675708429934033153.jar"/>
    <property name="sun.boot.class.path" value="C:\Program Files\Java\jdk1.8.0_241\jre\lib\resources.jar;C:\Program Files\Java\jdk1.8.0_241\jre\lib\rt.jar;C:\Program Files\Java\jdk1.8.0_241\jre\lib\sunrsasign.jar;C:\Program Files\Java\jdk1.8.0_241\jre\lib\jsse.jar;C:\Program Files\Java\jdk1.8.0_241\jre\lib\jce.jar;C:\Program Files\Java\jdk1.8.0_241\jre\lib\charsets.jar;C:\Program Files\Java\jdk1.8.0_241\jre\lib\jfr.jar;C:\Program Files\Java\jdk1.8.0_241\jre\classes"/>
    <property name="user.script" value=""/>
    <property name="sun.management.compiler" value="HotSpot 64-Bit Tiered Compilers"/>
    <property name="java.runtime.version" value="1.8.0_241-b07"/>
    <property name="user.name" value="hp"/>
    <property name="path.separator" value=";"/>
    <property name="os.version" value="10.0"/>
    <property name="java.endorsed.dirs" value="C:\Program Files\Java\jdk1.8.0_241\jre\lib\endorsed"/>
    <property name="java.runtime.name" value="Java(TM) SE Runtime Environment"/>
    <property name="file.encoding" value="Cp1252"/>
    <property name="java.vm.name" value="Java HotSpot(TM) 64-Bit Server VM"/>
    <property name="localRepository" value="C:\Users\hp\.m2\repository"/>
    <property name="java.vendor.url.bug" value="http://bugreport.sun.com/bugreport/"/>
    <property name="java.io.tmpdir" value="C:\Users\hp\AppData\Local\Temp\"/>
    <property name="java.version" value="1.8.0_241"/>
    <property name="user.dir" value="C:\Users\hp\Desktop\ABB_ENVIRONEMENT\source\SpringBatchAtomikosIntegrationMysql"/>
    <property name="os.arch" value="amd64"/>
    <property name="java.vm.specification.name" value="Java Virtual Machine Specification"/>
    <property name="java.awt.printerjob" value="sun.awt.windows.WPrinterJob"/>
    <property name="sun.os.patch.level" value=""/>
    <property name="java.library.path" value="C:\Program Files\Java\jdk1.8.0_241\jre\bin;C:\Windows\Sun\Java\bin;C:\Windows\system32;C:\Windows;C:\Program Files (x86)\Common Files\Oracle\Java\javapath;C:\Windows\system32;C:\Windows;C:\Windows\System32\Wbem;C:\Windows\System32\WindowsPowerShell\v1.0\;C:\Windows\System32\OpenSSH\;%JAVA_HOME%\bin;C:\Program Files\Git\cmd;C:\Program Files\nodejs\;C:\Users\hp\Desktop\DEV\tools\maven\apache-maven-3.6.2\bin;C:\Program Files\MySQL\MySQL Shell 8.0\bin\;C:\Users\hp\AppData\Local\Microsoft\WindowsApps;C:\Users\hp\AppData\Local\GitHubDesktop\bin;C:\Users\hp\AppData\Local\Programs\Microsoft VS Code\bin;C:\Users\hp\AppData\Roaming\npm;C:\Users\hp\Desktop\DEV\tools\maven\apache-maven-3.6.2\bin;C:\Program Files\Java\jdk1.8.0_241\bin;C:\Gradle\gradle-6.9.1\bin;;."/>
    <property name="java.vm.info" value="mixed mode"/>
    <property name="java.vendor" value="Oracle Corporation"/>
    <property name="java.vm.version" value="25.241-b07"/>
    <property name="java.ext.dirs" value="C:\Program Files\Java\jdk1.8.0_241\jre\lib\ext;C:\Windows\Sun\Java\lib\ext"/>
    <property name="sun.io.unicode.encoding" value="UnicodeLittle"/>
    <property name="java.class.version" value="52.0"/>
  </properties>
  <testcase name="shouldAnswerWithTrue" classname="com.kyanja.AppTest" time="0.004"/>
</testsuite>